C:\USERS\LENOVO PC\DOCUMENTS\VISUAL STUDIO 2012\PROJECTS\TGAREB 2\TGAREB 2\DEBUG\VC110.PDB
C:\USERS\LENOVO PC\DOCUMENTS\VISUAL STUDIO 2012\PROJECTS\TGAREB 2\TGAREB 2\DEBUG\SOURCE.OBJ
C:\USERS\LENOVO PC\DOCUMENTS\VISUAL STUDIO 2012\PROJECTS\TGAREB 2\DEBUG\TGAREB 2.ILK
C:\USERS\LENOVO PC\DOCUMENTS\VISUAL STUDIO 2012\PROJECTS\TGAREB 2\DEBUG\TGAREB 2.EXE
C:\USERS\LENOVO PC\DOCUMENTS\VISUAL STUDIO 2012\PROJECTS\TGAREB 2\DEBUG\TGAREB 2.PDB
C:\Users\lenovo pc\documents\visual studio 2012\Projects\tgareb 2\tgareb 2\Debug\Source.obj
C:\Users\lenovo pc\documents\visual studio 2012\Projects\tgareb 2\tgareb 2\Debug\cl.command.1.tlog
C:\Users\lenovo pc\documents\visual studio 2012\Projects\tgareb 2\tgareb 2\Debug\CL.read.1.tlog
C:\Users\lenovo pc\documents\visual studio 2012\Projects\tgareb 2\tgareb 2\Debug\CL.write.1.tlog
C:\Users\lenovo pc\documents\visual studio 2012\Projects\tgareb 2\tgareb 2\Debug\link-cvtres.read.1.tlog
C:\Users\lenovo pc\documents\visual studio 2012\Projects\tgareb 2\tgareb 2\Debug\link-cvtres.write.1.tlog
C:\Users\lenovo pc\documents\visual studio 2012\Projects\tgareb 2\tgareb 2\Debug\link-rc.read.1.tlog
C:\Users\lenovo pc\documents\visual studio 2012\Projects\tgareb 2\tgareb 2\Debug\link-rc.write.1.tlog
C:\Users\lenovo pc\documents\visual studio 2012\Projects\tgareb 2\tgareb 2\Debug\link.10156-cvtres.read.1.tlog
C:\Users\lenovo pc\documents\visual studio 2012\Projects\tgareb 2\tgareb 2\Debug\link.10156-cvtres.write.1.tlog
C:\Users\lenovo pc\documents\visual studio 2012\Projects\tgareb 2\tgareb 2\Debug\link.10156-rc.read.1.tlog
C:\Users\lenovo pc\documents\visual studio 2012\Projects\tgareb 2\tgareb 2\Debug\link.10156-rc.write.1.tlog
C:\Users\lenovo pc\documents\visual studio 2012\Projects\tgareb 2\tgareb 2\Debug\link.10156.read.1.tlog
C:\Users\lenovo pc\documents\visual studio 2012\Projects\tgareb 2\tgareb 2\Debug\link.10156.write.1.tlog
C:\Users\lenovo pc\documents\visual studio 2012\Projects\tgareb 2\tgareb 2\Debug\link.12248-cvtres.read.1.tlog
C:\Users\lenovo pc\documents\visual studio 2012\Projects\tgareb 2\tgareb 2\Debug\link.12248-cvtres.write.1.tlog
C:\Users\lenovo pc\documents\visual studio 2012\Projects\tgareb 2\tgareb 2\Debug\link.12248-rc.read.1.tlog
C:\Users\lenovo pc\documents\visual studio 2012\Projects\tgareb 2\tgareb 2\Debug\link.12248-rc.write.1.tlog
C:\Users\lenovo pc\documents\visual studio 2012\Projects\tgareb 2\tgareb 2\Debug\link.12248.read.1.tlog
C:\Users\lenovo pc\documents\visual studio 2012\Projects\tgareb 2\tgareb 2\Debug\link.12248.write.1.tlog
C:\Users\lenovo pc\documents\visual studio 2012\Projects\tgareb 2\tgareb 2\Debug\link.13104-cvtres.read.1.tlog
C:\Users\lenovo pc\documents\visual studio 2012\Projects\tgareb 2\tgareb 2\Debug\link.13104-cvtres.write.1.tlog
C:\Users\lenovo pc\documents\visual studio 2012\Projects\tgareb 2\tgareb 2\Debug\link.13104-rc.read.1.tlog
C:\Users\lenovo pc\documents\visual studio 2012\Projects\tgareb 2\tgareb 2\Debug\link.13104-rc.write.1.tlog
C:\Users\lenovo pc\documents\visual studio 2012\Projects\tgareb 2\tgareb 2\Debug\link.13104.read.1.tlog
C:\Users\lenovo pc\documents\visual studio 2012\Projects\tgareb 2\tgareb 2\Debug\link.13104.write.1.tlog
C:\Users\lenovo pc\documents\visual studio 2012\Projects\tgareb 2\tgareb 2\Debug\link.14704-cvtres.read.1.tlog
C:\Users\lenovo pc\documents\visual studio 2012\Projects\tgareb 2\tgareb 2\Debug\link.14704-cvtres.write.1.tlog
C:\Users\lenovo pc\documents\visual studio 2012\Projects\tgareb 2\tgareb 2\Debug\link.14704-rc.read.1.tlog
C:\Users\lenovo pc\documents\visual studio 2012\Projects\tgareb 2\tgareb 2\Debug\link.14704-rc.write.1.tlog
C:\Users\lenovo pc\documents\visual studio 2012\Projects\tgareb 2\tgareb 2\Debug\link.14704.read.1.tlog
C:\Users\lenovo pc\documents\visual studio 2012\Projects\tgareb 2\tgareb 2\Debug\link.14704.write.1.tlog
C:\Users\lenovo pc\documents\visual studio 2012\Projects\tgareb 2\tgareb 2\Debug\link.15516-cvtres.read.1.tlog
C:\Users\lenovo pc\documents\visual studio 2012\Projects\tgareb 2\tgareb 2\Debug\link.15516-cvtres.write.1.tlog
C:\Users\lenovo pc\documents\visual studio 2012\Projects\tgareb 2\tgareb 2\Debug\link.15516-rc.read.1.tlog
C:\Users\lenovo pc\documents\visual studio 2012\Projects\tgareb 2\tgareb 2\Debug\link.15516-rc.write.1.tlog
C:\Users\lenovo pc\documents\visual studio 2012\Projects\tgareb 2\tgareb 2\Debug\link.15516.read.1.tlog
C:\Users\lenovo pc\documents\visual studio 2012\Projects\tgareb 2\tgareb 2\Debug\link.15516.write.1.tlog
C:\Users\lenovo pc\documents\visual studio 2012\Projects\tgareb 2\tgareb 2\Debug\link.3484-cvtres.read.1.tlog
C:\Users\lenovo pc\documents\visual studio 2012\Projects\tgareb 2\tgareb 2\Debug\link.3484-cvtres.write.1.tlog
C:\Users\lenovo pc\documents\visual studio 2012\Projects\tgareb 2\tgareb 2\Debug\link.3484-rc.read.1.tlog
C:\Users\lenovo pc\documents\visual studio 2012\Projects\tgareb 2\tgareb 2\Debug\link.3484-rc.write.1.tlog
C:\Users\lenovo pc\documents\visual studio 2012\Projects\tgareb 2\tgareb 2\Debug\link.3484.read.1.tlog
C:\Users\lenovo pc\documents\visual studio 2012\Projects\tgareb 2\tgareb 2\Debug\link.3484.write.1.tlog
C:\Users\lenovo pc\documents\visual studio 2012\Projects\tgareb 2\tgareb 2\Debug\link.7128-cvtres.read.1.tlog
C:\Users\lenovo pc\documents\visual studio 2012\Projects\tgareb 2\tgareb 2\Debug\link.7128-cvtres.write.1.tlog
C:\Users\lenovo pc\documents\visual studio 2012\Projects\tgareb 2\tgareb 2\Debug\link.7128-rc.read.1.tlog
C:\Users\lenovo pc\documents\visual studio 2012\Projects\tgareb 2\tgareb 2\Debug\link.7128-rc.write.1.tlog
C:\Users\lenovo pc\documents\visual studio 2012\Projects\tgareb 2\tgareb 2\Debug\link.7128.read.1.tlog
C:\Users\lenovo pc\documents\visual studio 2012\Projects\tgareb 2\tgareb 2\Debug\link.7128.write.1.tlog
C:\Users\lenovo pc\documents\visual studio 2012\Projects\tgareb 2\tgareb 2\Debug\link.8460-cvtres.read.1.tlog
C:\Users\lenovo pc\documents\visual studio 2012\Projects\tgareb 2\tgareb 2\Debug\link.8460-cvtres.write.1.tlog
C:\Users\lenovo pc\documents\visual studio 2012\Projects\tgareb 2\tgareb 2\Debug\link.8460-rc.read.1.tlog
C:\Users\lenovo pc\documents\visual studio 2012\Projects\tgareb 2\tgareb 2\Debug\link.8460-rc.write.1.tlog
C:\Users\lenovo pc\documents\visual studio 2012\Projects\tgareb 2\tgareb 2\Debug\link.8460.read.1.tlog
C:\Users\lenovo pc\documents\visual studio 2012\Projects\tgareb 2\tgareb 2\Debug\link.8460.write.1.tlog
C:\Users\lenovo pc\documents\visual studio 2012\Projects\tgareb 2\tgareb 2\Debug\link.command.1.tlog
C:\Users\lenovo pc\documents\visual studio 2012\Projects\tgareb 2\tgareb 2\Debug\link.read.1.tlog
C:\Users\lenovo pc\documents\visual studio 2012\Projects\tgareb 2\tgareb 2\Debug\link.write.1.tlog
C:\Users\lenovo pc\documents\visual studio 2012\Projects\tgareb 2\tgareb 2\Debug\vc110.idb
C:\Users\lenovo pc\documents\visual studio 2012\Projects\tgareb 2\tgareb 2\Debug\vc110.pdb
C:\Users\lenovo pc\documents\visual studio 2012\Projects\tgareb 2\Debug\tgareb 2.pdb
C:\Users\lenovo pc\documents\visual studio 2012\Projects\tgareb 2\Debug\tgareb 2.exe
C:\Users\lenovo pc\documents\visual studio 2012\Projects\tgareb 2\Debug\tgareb 2.ilk
