d:\college subjects\assembly\irvine\project_template\debug\project.exe
d:\college subjects\assembly\irvine\project_template\debug\project.ilk
d:\college subjects\assembly\irvine\project_template\debug\project.pdb
d:\college subjects\assembly\irvine\project_template\debug\main.obj
d:\college subjects\assembly\irvine\project_template\debug\project.tlog\link.1000.delete.1.tlog
d:\college subjects\assembly\irvine\project_template\debug\project.tlog\link.10044.delete.1.tlog
d:\college subjects\assembly\irvine\project_template\debug\project.tlog\link.10156.delete.1.tlog
d:\college subjects\assembly\irvine\project_template\debug\project.tlog\link.10536.delete.1.tlog
d:\college subjects\assembly\irvine\project_template\debug\project.tlog\link.10720.delete.1.tlog
d:\college subjects\assembly\irvine\project_template\debug\project.tlog\link.10740.delete.1.tlog
d:\college subjects\assembly\irvine\project_template\debug\project.tlog\link.11044.delete.1.tlog
d:\college subjects\assembly\irvine\project_template\debug\project.tlog\link.11336.delete.1.tlog
d:\college subjects\assembly\irvine\project_template\debug\project.tlog\link.11348.delete.1.tlog
d:\college subjects\assembly\irvine\project_template\debug\project.tlog\link.11368.delete.1.tlog
d:\college subjects\assembly\irvine\project_template\debug\project.tlog\link.11380.delete.1.tlog
d:\college subjects\assembly\irvine\project_template\debug\project.tlog\link.11552.delete.1.tlog
d:\college subjects\assembly\irvine\project_template\debug\project.tlog\link.11572.delete.1.tlog
d:\college subjects\assembly\irvine\project_template\debug\project.tlog\link.11608.delete.1.tlog
d:\college subjects\assembly\irvine\project_template\debug\project.tlog\link.11968.delete.1.tlog
d:\college subjects\assembly\irvine\project_template\debug\project.tlog\link.12192.delete.1.tlog
d:\college subjects\assembly\irvine\project_template\debug\project.tlog\link.12292.delete.1.tlog
d:\college subjects\assembly\irvine\project_template\debug\project.tlog\link.12408.delete.1.tlog
d:\college subjects\assembly\irvine\project_template\debug\project.tlog\link.12440.delete.1.tlog
d:\college subjects\assembly\irvine\project_template\debug\project.tlog\link.12456.delete.1.tlog
d:\college subjects\assembly\irvine\project_template\debug\project.tlog\link.12496.delete.1.tlog
d:\college subjects\assembly\irvine\project_template\debug\project.tlog\link.12508.delete.1.tlog
d:\college subjects\assembly\irvine\project_template\debug\project.tlog\link.12692.delete.1.tlog
d:\college subjects\assembly\irvine\project_template\debug\project.tlog\link.12736.delete.1.tlog
d:\college subjects\assembly\irvine\project_template\debug\project.tlog\link.12748.delete.1.tlog
d:\college subjects\assembly\irvine\project_template\debug\project.tlog\link.12756.delete.1.tlog
d:\college subjects\assembly\irvine\project_template\debug\project.tlog\link.12884.delete.1.tlog
d:\college subjects\assembly\irvine\project_template\debug\project.tlog\link.12892.delete.1.tlog
d:\college subjects\assembly\irvine\project_template\debug\project.tlog\link.12904.delete.1.tlog
d:\college subjects\assembly\irvine\project_template\debug\project.tlog\link.12928.delete.1.tlog
d:\college subjects\assembly\irvine\project_template\debug\project.tlog\link.12944.delete.1.tlog
d:\college subjects\assembly\irvine\project_template\debug\project.tlog\link.12976.delete.1.tlog
d:\college subjects\assembly\irvine\project_template\debug\project.tlog\link.13044.delete.1.tlog
d:\college subjects\assembly\irvine\project_template\debug\project.tlog\link.13100.delete.1.tlog
d:\college subjects\assembly\irvine\project_template\debug\project.tlog\link.13108.delete.1.tlog
d:\college subjects\assembly\irvine\project_template\debug\project.tlog\link.13260.delete.1.tlog
d:\college subjects\assembly\irvine\project_template\debug\project.tlog\link.13304.delete.1.tlog
d:\college subjects\assembly\irvine\project_template\debug\project.tlog\link.13424.delete.1.tlog
d:\college subjects\assembly\irvine\project_template\debug\project.tlog\link.13596.delete.1.tlog
d:\college subjects\assembly\irvine\project_template\debug\project.tlog\link.13692.delete.1.tlog
d:\college subjects\assembly\irvine\project_template\debug\project.tlog\link.13776.delete.1.tlog
d:\college subjects\assembly\irvine\project_template\debug\project.tlog\link.1380.delete.1.tlog
d:\college subjects\assembly\irvine\project_template\debug\project.tlog\link.13904.delete.1.tlog
d:\college subjects\assembly\irvine\project_template\debug\project.tlog\link.1516.delete.1.tlog
d:\college subjects\assembly\irvine\project_template\debug\project.tlog\link.1592.delete.1.tlog
d:\college subjects\assembly\irvine\project_template\debug\project.tlog\link.1636.delete.1.tlog
d:\college subjects\assembly\irvine\project_template\debug\project.tlog\link.1728.delete.1.tlog
d:\college subjects\assembly\irvine\project_template\debug\project.tlog\link.1780.delete.1.tlog
d:\college subjects\assembly\irvine\project_template\debug\project.tlog\link.2060.delete.1.tlog
d:\college subjects\assembly\irvine\project_template\debug\project.tlog\link.2188.delete.1.tlog
d:\college subjects\assembly\irvine\project_template\debug\project.tlog\link.2276.delete.1.tlog
d:\college subjects\assembly\irvine\project_template\debug\project.tlog\link.2764.delete.1.tlog
d:\college subjects\assembly\irvine\project_template\debug\project.tlog\link.292.delete.1.tlog
d:\college subjects\assembly\irvine\project_template\debug\project.tlog\link.2992.delete.1.tlog
d:\college subjects\assembly\irvine\project_template\debug\project.tlog\link.3324.delete.1.tlog
d:\college subjects\assembly\irvine\project_template\debug\project.tlog\link.3516.delete.1.tlog
d:\college subjects\assembly\irvine\project_template\debug\project.tlog\link.3652.delete.1.tlog
d:\college subjects\assembly\irvine\project_template\debug\project.tlog\link.3864.delete.1.tlog
d:\college subjects\assembly\irvine\project_template\debug\project.tlog\link.3888.delete.1.tlog
d:\college subjects\assembly\irvine\project_template\debug\project.tlog\link.4012.delete.1.tlog
d:\college subjects\assembly\irvine\project_template\debug\project.tlog\link.4328.delete.1.tlog
d:\college subjects\assembly\irvine\project_template\debug\project.tlog\link.4636.delete.1.tlog
d:\college subjects\assembly\irvine\project_template\debug\project.tlog\link.5300.delete.1.tlog
d:\college subjects\assembly\irvine\project_template\debug\project.tlog\link.5452.delete.1.tlog
d:\college subjects\assembly\irvine\project_template\debug\project.tlog\link.6000.delete.1.tlog
d:\college subjects\assembly\irvine\project_template\debug\project.tlog\link.6016.delete.1.tlog
d:\college subjects\assembly\irvine\project_template\debug\project.tlog\link.6464.delete.1.tlog
d:\college subjects\assembly\irvine\project_template\debug\project.tlog\link.6528.delete.1.tlog
d:\college subjects\assembly\irvine\project_template\debug\project.tlog\link.6572.delete.1.tlog
d:\college subjects\assembly\irvine\project_template\debug\project.tlog\link.6788.delete.1.tlog
d:\college subjects\assembly\irvine\project_template\debug\project.tlog\link.6924.delete.1.tlog
d:\college subjects\assembly\irvine\project_template\debug\project.tlog\link.7232.delete.1.tlog
d:\college subjects\assembly\irvine\project_template\debug\project.tlog\link.7368.delete.1.tlog
d:\college subjects\assembly\irvine\project_template\debug\project.tlog\link.7604.delete.1.tlog
d:\college subjects\assembly\irvine\project_template\debug\project.tlog\link.7656.delete.1.tlog
d:\college subjects\assembly\irvine\project_template\debug\project.tlog\link.7820.delete.1.tlog
d:\college subjects\assembly\irvine\project_template\debug\project.tlog\link.7836.delete.1.tlog
d:\college subjects\assembly\irvine\project_template\debug\project.tlog\link.7860.delete.1.tlog
d:\college subjects\assembly\irvine\project_template\debug\project.tlog\link.8316.delete.1.tlog
d:\college subjects\assembly\irvine\project_template\debug\project.tlog\link.8468.delete.1.tlog
d:\college subjects\assembly\irvine\project_template\debug\project.tlog\link.8552.delete.1.tlog
d:\college subjects\assembly\irvine\project_template\debug\project.tlog\link.8996.delete.1.tlog
d:\college subjects\assembly\irvine\project_template\debug\project.tlog\link.9012.delete.1.tlog
d:\college subjects\assembly\irvine\project_template\debug\project.tlog\link.9144.delete.1.tlog
d:\college subjects\assembly\irvine\project_template\debug\project.tlog\link.9440.delete.1.tlog
d:\college subjects\assembly\irvine\project_template\debug\project.tlog\link.9488.delete.1.tlog
d:\college subjects\assembly\irvine\project_template\debug\project.tlog\link.9860.delete.1.tlog
d:\college subjects\assembly\irvine\project_template\debug\project.tlog\link.9872.delete.1.tlog
d:\college subjects\assembly\irvine\project_template\debug\project.tlog\link.9912.delete.1.tlog
d:\college subjects\assembly\irvine\project_template\debug\project.tlog\link.command.1.tlog
d:\college subjects\assembly\irvine\project_template\debug\project.tlog\link.delete.1.tlog
d:\college subjects\assembly\irvine\project_template\debug\project.tlog\link.read.1.tlog
d:\college subjects\assembly\irvine\project_template\debug\project.tlog\link.write.1.tlog
d:\college subjects\assembly\irvine\project_template\debug\project.tlog\masm.read.1u.tlog
d:\college subjects\assembly\irvine\project_template\debug\project.tlog\masm.write.1u.tlog
d:\college subjects\assembly\irvine\project_template\debug\project.tlog\project.write.1u.tlog
